2023-03-07T09:19:40.673+02:00  INFO 9093 --- [restartedMain] b.bitmexspring.BitmexSpringApplication   : Starting BitmexSpringApplication using Java 18.0.2-ea with PID 9093 (/home/normat/IdeaProjects/BitmexSpring/target/classes started by normat in /home/normat/IdeaProjects/BitmexSpring)
2023-03-07T09:19:40.678+02:00  INFO 9093 --- [restartedMain] b.bitmexspring.BitmexSpringApplication   : No active profile set, falling back to 1 default profile: "default"
2023-03-07T09:19:40.712+02:00  INFO 9093 --- [restartedMain] .e.DevToolsPropertyDefaultsPostProcessor : Devtools property defaults active! Set 'spring.devtools.add-properties' to 'false' to disable
2023-03-07T09:19:40.712+02:00  INFO 9093 --- [restartedMain] .e.DevToolsPropertyDefaultsPostProcessor : For additional web related logging consider setting the 'logging.level.web' property to 'DEBUG'
2023-03-07T09:19:41.253+02:00  INFO 9093 --- [restartedMain] o.s.cloud.context.scope.GenericScope     : BeanFactory id=900546d4-0a44-3245-a881-e15a31d1a836
2023-03-07T09:19:41.321+02:00 ERROR 9093 --- [restartedMain] o.a.catalina.core.AprLifecycleListener   : An incompatible version [1.2.31] of the Apache Tomcat Native library is installed, while Tomcat requires version [1.2.34]
2023-03-07T09:19:41.708+02:00  INFO 9093 --- [restartedMain] o.s.b.w.embedded.tomcat.TomcatWebServer  : Tomcat initialized with port(s): 8080 (http)
2023-03-07T09:19:41.715+02:00  INFO 9093 --- [restartedMain] o.apache.catalina.core.StandardService   : Starting service [Tomcat]
2023-03-07T09:19:41.716+02:00  INFO 9093 --- [restartedMain] o.apache.catalina.core.StandardEngine    : Starting Servlet engine: [Apache Tomcat/10.1.5]
2023-03-07T09:19:41.752+02:00  INFO 9093 --- [restartedMain] o.a.c.c.C.[Tomcat].[localhost].[/]       : Initializing Spring embedded WebApplicationContext
2023-03-07T09:19:41.752+02:00  INFO 9093 --- [restartedMain] w.s.c.ServletWebServerApplicationContext : Root WebApplicationContext: initialization completed in 1040 ms
2023-03-07T09:19:41.873+02:00  INFO 9093 --- [restartedMain] o.s.b.d.a.OptionalLiveReloadServer       : LiveReload server is running on port 35729
2023-03-07T09:19:42.435+02:00  INFO 9093 --- [restartedMain] o.s.b.w.embedded.tomcat.TomcatWebServer  : Tomcat started on port(s): 8080 (http) with context path ''
2023-03-07T09:19:42.556+02:00  INFO 9093 --- [restartedMain] b.bitmexspring.BitmexSpringApplication   : Started BitmexSpringApplication in 2.28 seconds (process running for 2.767)
2023-03-07T09:20:49.377+02:00  INFO 9093 --- [http-nio-8080-exec-1] o.a.c.c.C.[Tomcat].[localhost].[/]       : Initializing Spring DispatcherServlet 'dispatcherServlet'
2023-03-07T09:20:49.378+02:00  INFO 9093 --- [http-nio-8080-exec-1] o.s.web.servlet.DispatcherServlet        : Initializing Servlet 'dispatcherServlet'
2023-03-07T09:20:49.379+02:00  INFO 9093 --- [http-nio-8080-exec-1] o.s.web.servlet.DispatcherServlet        : Completed initialization in 1 ms
2023-03-07T09:24:36.354+02:00  INFO 9729 --- [restartedMain] b.bitmexspring.BitmexSpringApplication   : Starting BitmexSpringApplication using Java 18.0.2-ea with PID 9729 (/home/normat/IdeaProjects/BitmexSpring/target/classes started by normat in /home/normat/IdeaProjects/BitmexSpring)
2023-03-07T09:24:36.355+02:00  INFO 9729 --- [restartedMain] b.bitmexspring.BitmexSpringApplication   : No active profile set, falling back to 1 default profile: "default"
2023-03-07T09:24:36.387+02:00  INFO 9729 --- [restartedMain] .e.DevToolsPropertyDefaultsPostProcessor : Devtools property defaults active! Set 'spring.devtools.add-properties' to 'false' to disable
2023-03-07T09:24:36.388+02:00  INFO 9729 --- [restartedMain] .e.DevToolsPropertyDefaultsPostProcessor : For additional web related logging consider setting the 'logging.level.web' property to 'DEBUG'
2023-03-07T09:24:36.911+02:00  INFO 9729 --- [restartedMain] o.s.cloud.context.scope.GenericScope     : BeanFactory id=900546d4-0a44-3245-a881-e15a31d1a836
2023-03-07T09:24:36.996+02:00 ERROR 9729 --- [restartedMain] o.a.catalina.core.AprLifecycleListener   : An incompatible version [1.2.31] of the Apache Tomcat Native library is installed, while Tomcat requires version [1.2.34]
2023-03-07T09:24:37.348+02:00  INFO 9729 --- [restartedMain] o.s.b.w.embedded.tomcat.TomcatWebServer  : Tomcat initialized with port(s): 8080 (http)
2023-03-07T09:24:37.355+02:00  INFO 9729 --- [restartedMain] o.apache.catalina.core.StandardService   : Starting service [Tomcat]
2023-03-07T09:24:37.355+02:00  INFO 9729 --- [restartedMain] o.apache.catalina.core.StandardEngine    : Starting Servlet engine: [Apache Tomcat/10.1.5]
2023-03-07T09:24:37.391+02:00  INFO 9729 --- [restartedMain] o.a.c.c.C.[Tomcat].[localhost].[/]       : Initializing Spring embedded WebApplicationContext
2023-03-07T09:24:37.391+02:00  INFO 9729 --- [restartedMain] w.s.c.ServletWebServerApplicationContext : Root WebApplicationContext: initialization completed in 1003 ms
2023-03-07T09:24:37.503+02:00  INFO 9729 --- [restartedMain] o.s.b.d.a.OptionalLiveReloadServer       : LiveReload server is running on port 35729
2023-03-07T09:24:37.989+02:00  INFO 9729 --- [restartedMain] o.s.b.w.embedded.tomcat.TomcatWebServer  : Tomcat started on port(s): 8080 (http) with context path ''
2023-03-07T09:24:38.137+02:00  INFO 9729 --- [restartedMain] b.bitmexspring.BitmexSpringApplication   : Started BitmexSpringApplication in 2.154 seconds (process running for 2.578)
2023-03-07T09:24:43.060+02:00  INFO 9729 --- [http-nio-8080-exec-1] o.a.c.c.C.[Tomcat].[localhost].[/]       : Initializing Spring DispatcherServlet 'dispatcherServlet'
2023-03-07T09:24:43.060+02:00  INFO 9729 --- [http-nio-8080-exec-1] o.s.web.servlet.DispatcherServlet        : Initializing Servlet 'dispatcherServlet'
2023-03-07T09:24:43.061+02:00  INFO 9729 --- [http-nio-8080-exec-1] o.s.web.servlet.DispatcherServlet        : Completed initialization in 1 ms
2023-03-07T09:36:56.425+02:00  INFO 11988 --- [restartedMain] b.bitmexspring.BitmexSpringApplication   : Starting BitmexSpringApplication using Java 18.0.2-ea with PID 11988 (/home/normat/IdeaProjects/BitmexSpring/target/classes started by normat in /home/normat/IdeaProjects/BitmexSpring)
2023-03-07T09:36:56.426+02:00  INFO 11988 --- [restartedMain] b.bitmexspring.BitmexSpringApplication   : No active profile set, falling back to 1 default profile: "default"
2023-03-07T09:36:56.460+02:00  INFO 11988 --- [restartedMain] .e.DevToolsPropertyDefaultsPostProcessor : Devtools property defaults active! Set 'spring.devtools.add-properties' to 'false' to disable
2023-03-07T09:36:56.460+02:00  INFO 11988 --- [restartedMain] .e.DevToolsPropertyDefaultsPostProcessor : For additional web related logging consider setting the 'logging.level.web' property to 'DEBUG'
2023-03-07T09:36:57.010+02:00  INFO 11988 --- [restartedMain] o.s.cloud.context.scope.GenericScope     : BeanFactory id=900546d4-0a44-3245-a881-e15a31d1a836
2023-03-07T09:36:57.075+02:00 ERROR 11988 --- [restartedMain] o.a.catalina.core.AprLifecycleListener   : An incompatible version [1.2.31] of the Apache Tomcat Native library is installed, while Tomcat requires version [1.2.34]
2023-03-07T09:36:57.443+02:00  INFO 11988 --- [restartedMain] o.s.b.w.embedded.tomcat.TomcatWebServer  : Tomcat initialized with port(s): 8080 (http)
2023-03-07T09:36:57.451+02:00  INFO 11988 --- [restartedMain] o.apache.catalina.core.StandardService   : Starting service [Tomcat]
2023-03-07T09:36:57.452+02:00  INFO 11988 --- [restartedMain] o.apache.catalina.core.StandardEngine    : Starting Servlet engine: [Apache Tomcat/10.1.5]
2023-03-07T09:36:57.493+02:00  INFO 11988 --- [restartedMain] o.a.c.c.C.[Tomcat].[localhost].[/]       : Initializing Spring embedded WebApplicationContext
2023-03-07T09:36:57.494+02:00  INFO 11988 --- [restartedMain] w.s.c.ServletWebServerApplicationContext : Root WebApplicationContext: initialization completed in 1034 ms
2023-03-07T09:36:57.611+02:00  INFO 11988 --- [restartedMain] o.s.b.d.a.OptionalLiveReloadServer       : LiveReload server is running on port 35729
2023-03-07T09:36:58.110+02:00  INFO 11988 --- [restartedMain] o.s.b.w.embedded.tomcat.TomcatWebServer  : Tomcat started on port(s): 8080 (http) with context path ''
2023-03-07T09:36:58.208+02:00  INFO 11988 --- [restartedMain] b.bitmexspring.BitmexSpringApplication   : Started BitmexSpringApplication in 2.177 seconds (process running for 2.571)
2023-03-07T09:37:03.749+02:00  INFO 11988 --- [http-nio-8080-exec-1] o.a.c.c.C.[Tomcat].[localhost].[/]       : Initializing Spring DispatcherServlet 'dispatcherServlet'
2023-03-07T09:37:03.750+02:00  INFO 11988 --- [http-nio-8080-exec-1] o.s.web.servlet.DispatcherServlet        : Initializing Servlet 'dispatcherServlet'
2023-03-07T09:37:03.751+02:00  INFO 11988 --- [http-nio-8080-exec-1] o.s.web.servlet.DispatcherServlet        : Completed initialization in 1 ms
2023-03-07T10:15:23.436+02:00  INFO 15926 --- [restartedMain] b.bitmexspring.BitmexSpringApplication   : Starting BitmexSpringApplication using Java 18.0.2-ea with PID 15926 (/home/normat/IdeaProjects/BitmexSpring/target/classes started by normat in /home/normat/IdeaProjects/BitmexSpring)
2023-03-07T10:15:23.437+02:00  INFO 15926 --- [restartedMain] b.bitmexspring.BitmexSpringApplication   : No active profile set, falling back to 1 default profile: "default"
2023-03-07T10:15:23.471+02:00  INFO 15926 --- [restartedMain] .e.DevToolsPropertyDefaultsPostProcessor : Devtools property defaults active! Set 'spring.devtools.add-properties' to 'false' to disable
2023-03-07T10:15:23.471+02:00  INFO 15926 --- [restartedMain] .e.DevToolsPropertyDefaultsPostProcessor : For additional web related logging consider setting the 'logging.level.web' property to 'DEBUG'
2023-03-07T10:15:24.016+02:00  INFO 15926 --- [restartedMain] o.s.cloud.context.scope.GenericScope     : BeanFactory id=e2d78ef5-6825-305f-a5cd-e0a8d23dbe8a
2023-03-07T10:15:24.081+02:00 ERROR 15926 --- [restartedMain] o.a.catalina.core.AprLifecycleListener   : An incompatible version [1.2.31] of the Apache Tomcat Native library is installed, while Tomcat requires version [1.2.34]
2023-03-07T10:15:24.403+02:00  INFO 15926 --- [restartedMain] o.s.b.w.embedded.tomcat.TomcatWebServer  : Tomcat initialized with port(s): 8080 (http)
2023-03-07T10:15:24.410+02:00  INFO 15926 --- [restartedMain] o.apache.catalina.core.StandardService   : Starting service [Tomcat]
2023-03-07T10:15:24.410+02:00  INFO 15926 --- [restartedMain] o.apache.catalina.core.StandardEngine    : Starting Servlet engine: [Apache Tomcat/10.1.5]
2023-03-07T10:15:24.448+02:00  INFO 15926 --- [restartedMain] o.a.c.c.C.[Tomcat].[localhost].[/]       : Initializing Spring embedded WebApplicationContext
2023-03-07T10:15:24.449+02:00  INFO 15926 --- [restartedMain] w.s.c.ServletWebServerApplicationContext : Root WebApplicationContext: initialization completed in 977 ms
2023-03-07T10:15:24.562+02:00  INFO 15926 --- [restartedMain] o.s.b.d.a.OptionalLiveReloadServer       : LiveReload server is running on port 35729
2023-03-07T10:15:25.078+02:00  INFO 15926 --- [restartedMain] o.s.b.w.embedded.tomcat.TomcatWebServer  : Tomcat started on port(s): 8080 (http) with context path ''
2023-03-07T10:15:25.213+02:00  INFO 15926 --- [restartedMain] b.bitmexspring.BitmexSpringApplication   : Started BitmexSpringApplication in 2.16 seconds (process running for 2.575)
2023-03-07T10:15:33.845+02:00  INFO 15926 --- [http-nio-8080-exec-1] o.a.c.c.C.[Tomcat].[localhost].[/]       : Initializing Spring DispatcherServlet 'dispatcherServlet'
2023-03-07T10:15:33.845+02:00  INFO 15926 --- [http-nio-8080-exec-1] o.s.web.servlet.DispatcherServlet        : Initializing Servlet 'dispatcherServlet'
2023-03-07T10:15:33.846+02:00  INFO 15926 --- [http-nio-8080-exec-1] o.s.web.servlet.DispatcherServlet        : Completed initialization in 1 ms
2023-03-07T10:59:43.488+02:00  INFO 20277 --- [restartedMain] b.bitmexspring.BitmexSpringApplication   : Starting BitmexSpringApplication using Java 18.0.2-ea with PID 20277 (/home/normat/IdeaProjects/BitmexSpring/target/classes started by normat in /home/normat/IdeaProjects/BitmexSpring)
2023-03-07T10:59:43.490+02:00  INFO 20277 --- [restartedMain] b.bitmexspring.BitmexSpringApplication   : No active profile set, falling back to 1 default profile: "default"
2023-03-07T10:59:43.521+02:00  INFO 20277 --- [restartedMain] .e.DevToolsPropertyDefaultsPostProcessor : Devtools property defaults active! Set 'spring.devtools.add-properties' to 'false' to disable
2023-03-07T10:59:43.521+02:00  INFO 20277 --- [restartedMain] .e.DevToolsPropertyDefaultsPostProcessor : For additional web related logging consider setting the 'logging.level.web' property to 'DEBUG'
2023-03-07T10:59:44.018+02:00  INFO 20277 --- [restartedMain] o.s.cloud.context.scope.GenericScope     : BeanFactory id=e2d78ef5-6825-305f-a5cd-e0a8d23dbe8a
2023-03-07T10:59:44.084+02:00 ERROR 20277 --- [restartedMain] o.a.catalina.core.AprLifecycleListener   : An incompatible version [1.2.31] of the Apache Tomcat Native library is installed, while Tomcat requires version [1.2.34]
2023-03-07T10:59:44.419+02:00  INFO 20277 --- [restartedMain] o.s.b.w.embedded.tomcat.TomcatWebServer  : Tomcat initialized with port(s): 8080 (http)
2023-03-07T10:59:44.427+02:00  INFO 20277 --- [restartedMain] o.apache.catalina.core.StandardService   : Starting service [Tomcat]
2023-03-07T10:59:44.427+02:00  INFO 20277 --- [restartedMain] o.apache.catalina.core.StandardEngine    : Starting Servlet engine: [Apache Tomcat/10.1.5]
2023-03-07T10:59:44.465+02:00  INFO 20277 --- [restartedMain] o.a.c.c.C.[Tomcat].[localhost].[/]       : Initializing Spring embedded WebApplicationContext
2023-03-07T10:59:44.465+02:00  INFO 20277 --- [restartedMain] w.s.c.ServletWebServerApplicationContext : Root WebApplicationContext: initialization completed in 943 ms
2023-03-07T10:59:44.576+02:00  INFO 20277 --- [restartedMain] o.s.b.d.a.OptionalLiveReloadServer       : LiveReload server is running on port 35729
2023-03-07T10:59:45.073+02:00  INFO 20277 --- [restartedMain] o.s.b.w.embedded.tomcat.TomcatWebServer  : Tomcat started on port(s): 8080 (http) with context path ''
2023-03-07T10:59:45.194+02:00  INFO 20277 --- [restartedMain] b.bitmexspring.BitmexSpringApplication   : Started BitmexSpringApplication in 2.104 seconds (process running for 2.497)
2023-03-07T10:59:54.010+02:00  INFO 20277 --- [http-nio-8080-exec-1] o.a.c.c.C.[Tomcat].[localhost].[/]       : Initializing Spring DispatcherServlet 'dispatcherServlet'
2023-03-07T10:59:54.010+02:00  INFO 20277 --- [http-nio-8080-exec-1] o.s.web.servlet.DispatcherServlet        : Initializing Servlet 'dispatcherServlet'
2023-03-07T10:59:54.012+02:00  INFO 20277 --- [http-nio-8080-exec-1] o.s.web.servlet.DispatcherServlet        : Completed initialization in 2 ms
2023-03-07T11:06:54.540+02:00  INFO 21218 --- [restartedMain] b.bitmexspring.BitmexSpringApplication   : Starting BitmexSpringApplication using Java 18.0.2-ea with PID 21218 (/home/normat/IdeaProjects/BitmexSpring/target/classes started by normat in /home/normat/IdeaProjects/BitmexSpring)
2023-03-07T11:06:54.541+02:00  INFO 21218 --- [restartedMain] b.bitmexspring.BitmexSpringApplication   : No active profile set, falling back to 1 default profile: "default"
2023-03-07T11:06:54.579+02:00  INFO 21218 --- [restartedMain] .e.DevToolsPropertyDefaultsPostProcessor : Devtools property defaults active! Set 'spring.devtools.add-properties' to 'false' to disable
2023-03-07T11:06:54.580+02:00  INFO 21218 --- [restartedMain] .e.DevToolsPropertyDefaultsPostProcessor : For additional web related logging consider setting the 'logging.level.web' property to 'DEBUG'
2023-03-07T11:06:55.074+02:00  INFO 21218 --- [restartedMain] o.s.cloud.context.scope.GenericScope     : BeanFactory id=e2d78ef5-6825-305f-a5cd-e0a8d23dbe8a
2023-03-07T11:06:55.137+02:00 ERROR 21218 --- [restartedMain] o.a.catalina.core.AprLifecycleListener   : An incompatible version [1.2.31] of the Apache Tomcat Native library is installed, while Tomcat requires version [1.2.34]
2023-03-07T11:06:55.468+02:00  INFO 21218 --- [restartedMain] o.s.b.w.embedded.tomcat.TomcatWebServer  : Tomcat initialized with port(s): 8080 (http)
2023-03-07T11:06:55.475+02:00  INFO 21218 --- [restartedMain] o.apache.catalina.core.StandardService   : Starting service [Tomcat]
2023-03-07T11:06:55.476+02:00  INFO 21218 --- [restartedMain] o.apache.catalina.core.StandardEngine    : Starting Servlet engine: [Apache Tomcat/10.1.5]
2023-03-07T11:06:55.514+02:00  INFO 21218 --- [restartedMain] o.a.c.c.C.[Tomcat].[localhost].[/]       : Initializing Spring embedded WebApplicationContext
2023-03-07T11:06:55.515+02:00  INFO 21218 --- [restartedMain] w.s.c.ServletWebServerApplicationContext : Root WebApplicationContext: initialization completed in 934 ms
2023-03-07T11:06:55.626+02:00  INFO 21218 --- [restartedMain] o.s.b.d.a.OptionalLiveReloadServer       : LiveReload server is running on port 35729
2023-03-07T11:06:56.932+02:00  INFO 21218 --- [restartedMain] o.s.cloud.commons.util.InetUtils         : Cannot determine local hostname
2023-03-07T11:06:57.941+02:00  INFO 21218 --- [restartedMain] o.s.cloud.commons.util.InetUtils         : Cannot determine local hostname
2023-03-07T11:06:58.020+02:00  INFO 21218 --- [restartedMain] o.s.b.w.embedded.tomcat.TomcatWebServer  : Tomcat started on port(s): 8080 (http) with context path ''
2023-03-07T11:06:59.021+02:00  INFO 21218 --- [restartedMain] o.s.cloud.commons.util.InetUtils         : Cannot determine local hostname
2023-03-07T11:07:00.022+02:00  INFO 21218 --- [restartedMain] o.s.cloud.commons.util.InetUtils         : Cannot determine local hostname
2023-03-07T11:07:00.036+02:00  INFO 21218 --- [restartedMain] b.bitmexspring.BitmexSpringApplication   : Started BitmexSpringApplication in 5.855 seconds (process running for 6.254)
2023-03-07T11:07:13.726+02:00  INFO 21218 --- [http-nio-8080-exec-1] o.a.c.c.C.[Tomcat].[localhost].[/]       : Initializing Spring DispatcherServlet 'dispatcherServlet'
2023-03-07T11:07:13.727+02:00  INFO 21218 --- [http-nio-8080-exec-1] o.s.web.servlet.DispatcherServlet        : Initializing Servlet 'dispatcherServlet'
2023-03-07T11:07:13.729+02:00  INFO 21218 --- [http-nio-8080-exec-1] o.s.web.servlet.DispatcherServlet        : Completed initialization in 2 ms
2023-03-07T11:14:24.576+02:00  INFO 22063 --- [restartedMain] b.bitmexspring.BitmexSpringApplication   : Starting BitmexSpringApplication using Java 18.0.2-ea with PID 22063 (/home/normat/IdeaProjects/BitmexSpring/target/classes started by normat in /home/normat/IdeaProjects/BitmexSpring)
2023-03-07T11:14:24.577+02:00  INFO 22063 --- [restartedMain] b.bitmexspring.BitmexSpringApplication   : No active profile set, falling back to 1 default profile: "default"
2023-03-07T11:14:24.610+02:00  INFO 22063 --- [restartedMain] .e.DevToolsPropertyDefaultsPostProcessor : Devtools property defaults active! Set 'spring.devtools.add-properties' to 'false' to disable
2023-03-07T11:14:24.610+02:00  INFO 22063 --- [restartedMain] .e.DevToolsPropertyDefaultsPostProcessor : For additional web related logging consider setting the 'logging.level.web' property to 'DEBUG'
2023-03-07T11:14:25.102+02:00  INFO 22063 --- [restartedMain] o.s.cloud.context.scope.GenericScope     : BeanFactory id=e2d78ef5-6825-305f-a5cd-e0a8d23dbe8a
2023-03-07T11:14:25.175+02:00 ERROR 22063 --- [restartedMain] o.a.catalina.core.AprLifecycleListener   : An incompatible version [1.2.31] of the Apache Tomcat Native library is installed, while Tomcat requires version [1.2.34]
2023-03-07T11:14:25.498+02:00  INFO 22063 --- [restartedMain] o.s.b.w.embedded.tomcat.TomcatWebServer  : Tomcat initialized with port(s): 8080 (http)
2023-03-07T11:14:25.506+02:00  INFO 22063 --- [restartedMain] o.apache.catalina.core.StandardService   : Starting service [Tomcat]
2023-03-07T11:14:25.506+02:00  INFO 22063 --- [restartedMain] o.apache.catalina.core.StandardEngine    : Starting Servlet engine: [Apache Tomcat/10.1.5]
2023-03-07T11:14:25.546+02:00  INFO 22063 --- [restartedMain] o.a.c.c.C.[Tomcat].[localhost].[/]       : Initializing Spring embedded WebApplicationContext
2023-03-07T11:14:25.547+02:00  INFO 22063 --- [restartedMain] w.s.c.ServletWebServerApplicationContext : Root WebApplicationContext: initialization completed in 937 ms
2023-03-07T11:14:25.672+02:00  INFO 22063 --- [restartedMain] o.s.b.d.a.OptionalLiveReloadServer       : LiveReload server is running on port 35729
2023-03-07T11:14:26.179+02:00  INFO 22063 --- [restartedMain] o.s.b.w.embedded.tomcat.TomcatWebServer  : Tomcat started on port(s): 8080 (http) with context path ''
2023-03-07T11:14:26.290+02:00  INFO 22063 --- [restartedMain] b.bitmexspring.BitmexSpringApplication   : Started BitmexSpringApplication in 2.063 seconds (process running for 2.475)
2023-03-07T11:14:32.507+02:00  INFO 22063 --- [http-nio-8080-exec-1] o.a.c.c.C.[Tomcat].[localhost].[/]       : Initializing Spring DispatcherServlet 'dispatcherServlet'
2023-03-07T11:14:32.507+02:00  INFO 22063 --- [http-nio-8080-exec-1] o.s.web.servlet.DispatcherServlet        : Initializing Servlet 'dispatcherServlet'
2023-03-07T11:14:32.509+02:00  INFO 22063 --- [http-nio-8080-exec-1] o.s.web.servlet.DispatcherServlet        : Completed initialization in 2 ms
2023-03-07T11:18:33.285+02:00  INFO 22718 --- [restartedMain] b.bitmexspring.BitmexSpringApplication   : Starting BitmexSpringApplication using Java 18.0.2-ea with PID 22718 (/home/normat/IdeaProjects/BitmexSpring/target/classes started by normat in /home/normat/IdeaProjects/BitmexSpring)
2023-03-07T11:18:33.287+02:00  INFO 22718 --- [restartedMain] b.bitmexspring.BitmexSpringApplication   : No active profile set, falling back to 1 default profile: "default"
2023-03-07T11:18:33.318+02:00  INFO 22718 --- [restartedMain] .e.DevToolsPropertyDefaultsPostProcessor : Devtools property defaults active! Set 'spring.devtools.add-properties' to 'false' to disable
2023-03-07T11:18:33.319+02:00  INFO 22718 --- [restartedMain] .e.DevToolsPropertyDefaultsPostProcessor : For additional web related logging consider setting the 'logging.level.web' property to 'DEBUG'
2023-03-07T11:18:33.814+02:00  INFO 22718 --- [restartedMain] o.s.cloud.context.scope.GenericScope     : BeanFactory id=e2d78ef5-6825-305f-a5cd-e0a8d23dbe8a
2023-03-07T11:18:33.878+02:00 ERROR 22718 --- [restartedMain] o.a.catalina.core.AprLifecycleListener   : An incompatible version [1.2.31] of the Apache Tomcat Native library is installed, while Tomcat requires version [1.2.34]
2023-03-07T11:18:34.215+02:00  INFO 22718 --- [restartedMain] o.s.b.w.embedded.tomcat.TomcatWebServer  : Tomcat initialized with port(s): 8080 (http)
2023-03-07T11:18:34.222+02:00  INFO 22718 --- [restartedMain] o.apache.catalina.core.StandardService   : Starting service [Tomcat]
2023-03-07T11:18:34.222+02:00  INFO 22718 --- [restartedMain] o.apache.catalina.core.StandardEngine    : Starting Servlet engine: [Apache Tomcat/10.1.5]
2023-03-07T11:18:34.260+02:00  INFO 22718 --- [restartedMain] o.a.c.c.C.[Tomcat].[localhost].[/]       : Initializing Spring embedded WebApplicationContext
2023-03-07T11:18:34.261+02:00  INFO 22718 --- [restartedMain] w.s.c.ServletWebServerApplicationContext : Root WebApplicationContext: initialization completed in 941 ms
2023-03-07T11:18:34.376+02:00  INFO 22718 --- [restartedMain] o.s.b.d.a.OptionalLiveReloadServer       : LiveReload server is running on port 35729
2023-03-07T11:18:34.828+02:00  INFO 22718 --- [restartedMain] o.s.b.w.embedded.tomcat.TomcatWebServer  : Tomcat started on port(s): 8080 (http) with context path ''
2023-03-07T11:18:34.933+02:00  INFO 22718 --- [restartedMain] b.bitmexspring.BitmexSpringApplication   : Started BitmexSpringApplication in 2.057 seconds (process running for 2.451)
2023-03-07T11:18:39.200+02:00  INFO 22718 --- [http-nio-8080-exec-1] o.a.c.c.C.[Tomcat].[localhost].[/]       : Initializing Spring DispatcherServlet 'dispatcherServlet'
2023-03-07T11:18:39.201+02:00  INFO 22718 --- [http-nio-8080-exec-1] o.s.web.servlet.DispatcherServlet        : Initializing Servlet 'dispatcherServlet'
2023-03-07T11:18:39.202+02:00  INFO 22718 --- [http-nio-8080-exec-1] o.s.web.servlet.DispatcherServlet        : Completed initialization in 1 ms
2023-03-07T11:20:12.628+02:00  INFO 23125 --- [restartedMain] b.bitmexspring.BitmexSpringApplication   : Starting BitmexSpringApplication using Java 18.0.2-ea with PID 23125 (/home/normat/IdeaProjects/BitmexSpring/target/classes started by normat in /home/normat/IdeaProjects/BitmexSpring)
2023-03-07T11:20:12.629+02:00  INFO 23125 --- [restartedMain] b.bitmexspring.BitmexSpringApplication   : No active profile set, falling back to 1 default profile: "default"
2023-03-07T11:20:12.662+02:00  INFO 23125 --- [restartedMain] .e.DevToolsPropertyDefaultsPostProcessor : Devtools property defaults active! Set 'spring.devtools.add-properties' to 'false' to disable
2023-03-07T11:20:12.662+02:00  INFO 23125 --- [restartedMain] .e.DevToolsPropertyDefaultsPostProcessor : For additional web related logging consider setting the 'logging.level.web' property to 'DEBUG'
2023-03-07T11:20:13.151+02:00  INFO 23125 --- [restartedMain] o.s.cloud.context.scope.GenericScope     : BeanFactory id=e2d78ef5-6825-305f-a5cd-e0a8d23dbe8a
2023-03-07T11:20:13.225+02:00 ERROR 23125 --- [restartedMain] o.a.catalina.core.AprLifecycleListener   : An incompatible version [1.2.31] of the Apache Tomcat Native library is installed, while Tomcat requires version [1.2.34]
2023-03-07T11:20:13.557+02:00  INFO 23125 --- [restartedMain] o.s.b.w.embedded.tomcat.TomcatWebServer  : Tomcat initialized with port(s): 8080 (http)
2023-03-07T11:20:13.564+02:00  INFO 23125 --- [restartedMain] o.apache.catalina.core.StandardService   : Starting service [Tomcat]
2023-03-07T11:20:13.564+02:00  INFO 23125 --- [restartedMain] o.apache.catalina.core.StandardEngine    : Starting Servlet engine: [Apache Tomcat/10.1.5]
2023-03-07T11:20:13.600+02:00  INFO 23125 --- [restartedMain] o.a.c.c.C.[Tomcat].[localhost].[/]       : Initializing Spring embedded WebApplicationContext
2023-03-07T11:20:13.601+02:00  INFO 23125 --- [restartedMain] w.s.c.ServletWebServerApplicationContext : Root WebApplicationContext: initialization completed in 938 ms
2023-03-07T11:20:13.716+02:00  INFO 23125 --- [restartedMain] o.s.b.d.a.OptionalLiveReloadServer       : LiveReload server is running on port 35729
2023-03-07T11:20:14.217+02:00  INFO 23125 --- [restartedMain] o.s.b.w.embedded.tomcat.TomcatWebServer  : Tomcat started on port(s): 8080 (http) with context path ''
2023-03-07T11:20:14.335+02:00  INFO 23125 --- [restartedMain] b.bitmexspring.BitmexSpringApplication   : Started BitmexSpringApplication in 2.072 seconds (process running for 2.607)
2023-03-07T11:20:17.927+02:00  INFO 23125 --- [http-nio-8080-exec-1] o.a.c.c.C.[Tomcat].[localhost].[/]       : Initializing Spring DispatcherServlet 'dispatcherServlet'
2023-03-07T11:20:17.927+02:00  INFO 23125 --- [http-nio-8080-exec-1] o.s.web.servlet.DispatcherServlet        : Initializing Servlet 'dispatcherServlet'
2023-03-07T11:20:17.929+02:00  INFO 23125 --- [http-nio-8080-exec-1] o.s.web.servlet.DispatcherServlet        : Completed initialization in 2 ms
2023-03-07T11:20:51.203+02:00 ERROR 23125 --- [WebSocketClient-SecureIO-1] .w.s.a.s.StandardWebSocketHandlerAdapter : Closing session due to exception for StandardWebSocketSession[id=a4e5184b-c384-0f46-6e70-cfabed9560e1, uri=null]

java.lang.NullPointerException: Cannot invoke "bitmex.bitmexspring.models.bitmex.WSOrderStatus.getOrder()" because "this.wsOrderStatus" is null
	at bitmex.bitmexspring.services.WSHandler.handleTextMessage(WSHandler.java:42) ~[classes/:na]
	at org.springframework.web.socket.handler.AbstractWebSocketHandler.handleMessage(AbstractWebSocketHandler.java:43) ~[spring-websocket-6.0.4.jar:6.0.4]
	at org.springframework.web.socket.adapter.standard.StandardWebSocketHandlerAdapter.handleTextMessage(StandardWebSocketHandlerAdapter.java:113) ~[spring-websocket-6.0.4.jar:6.0.4]
	at org.springframework.web.socket.adapter.standard.StandardWebSocketHandlerAdapter$3.onMessage(StandardWebSocketHandlerAdapter.java:84) ~[spring-websocket-6.0.4.jar:6.0.4]
	at org.springframework.web.socket.adapter.standard.StandardWebSocketHandlerAdapter$3.onMessage(StandardWebSocketHandlerAdapter.java:81) ~[spring-websocket-6.0.4.jar:6.0.4]
	at org.apache.tomcat.websocket.WsFrameBase.sendMessageText(WsFrameBase.java:415) ~[tomcat-embed-websocket-10.1.5.jar:10.1.5]
	at org.apache.tomcat.websocket.WsFrameBase.processDataText(WsFrameBase.java:515) ~[tomcat-embed-websocket-10.1.5.jar:10.1.5]
	at org.apache.tomcat.websocket.WsFrameBase.processData(WsFrameBase.java:301) ~[tomcat-embed-websocket-10.1.5.jar:10.1.5]
	at org.apache.tomcat.websocket.WsFrameBase.processInputBuffer(WsFrameBase.java:133) ~[tomcat-embed-websocket-10.1.5.jar:10.1.5]
	at org.apache.tomcat.websocket.WsFrameClient.processSocketRead(WsFrameClient.java:95) ~[tomcat-embed-websocket-10.1.5.jar:10.1.5]
	at org.apache.tomcat.websocket.WsFrameClient.resumeProcessing(WsFrameClient.java:212) ~[tomcat-embed-websocket-10.1.5.jar:10.1.5]
	at org.apache.tomcat.websocket.WsFrameClient$WsFrameClientCompletionHandler.doResumeProcessing(WsFrameClient.java:189) ~[tomcat-embed-websocket-10.1.5.jar:10.1.5]
	at org.apache.tomcat.websocket.WsFrameClient$WsFrameClientCompletionHandler.completed(WsFrameClient.java:163) ~[tomcat-embed-websocket-10.1.5.jar:10.1.5]
	at org.apache.tomcat.websocket.WsFrameClient$WsFrameClientCompletionHandler.completed(WsFrameClient.java:148) ~[tomcat-embed-websocket-10.1.5.jar:10.1.5]
	at org.apache.tomcat.websocket.AsyncChannelWrapperSecure$WrapperFuture.complete(AsyncChannelWrapperSecure.java:474) ~[tomcat-embed-websocket-10.1.5.jar:10.1.5]
	at org.apache.tomcat.websocket.AsyncChannelWrapperSecure$ReadTask.run(AsyncChannelWrapperSecure.java:338) ~[tomcat-embed-websocket-10.1.5.jar:10.1.5]
	at java.base/java.util.concurrent.ThreadPoolExecutor.runWorker(ThreadPoolExecutor.java:1136) ~[na:na]
	at java.base/java.util.concurrent.ThreadPoolExecutor$Worker.run(ThreadPoolExecutor.java:635) ~[na:na]
	at java.base/java.lang.Thread.run(Thread.java:833) ~[na:na]

2023-03-07T11:21:34.743+02:00  INFO 23432 --- [restartedMain] b.bitmexspring.BitmexSpringApplication   : Starting BitmexSpringApplication using Java 18.0.2-ea with PID 23432 (/home/normat/IdeaProjects/BitmexSpring/target/classes started by normat in /home/normat/IdeaProjects/BitmexSpring)
2023-03-07T11:21:34.744+02:00  INFO 23432 --- [restartedMain] b.bitmexspring.BitmexSpringApplication   : No active profile set, falling back to 1 default profile: "default"
2023-03-07T11:21:34.776+02:00  INFO 23432 --- [restartedMain] .e.DevToolsPropertyDefaultsPostProcessor : Devtools property defaults active! Set 'spring.devtools.add-properties' to 'false' to disable
2023-03-07T11:21:34.776+02:00  INFO 23432 --- [restartedMain] .e.DevToolsPropertyDefaultsPostProcessor : For additional web related logging consider setting the 'logging.level.web' property to 'DEBUG'
2023-03-07T11:21:35.271+02:00  INFO 23432 --- [restartedMain] o.s.cloud.context.scope.GenericScope     : BeanFactory id=e2d78ef5-6825-305f-a5cd-e0a8d23dbe8a
2023-03-07T11:21:35.335+02:00 ERROR 23432 --- [restartedMain] o.a.catalina.core.AprLifecycleListener   : An incompatible version [1.2.31] of the Apache Tomcat Native library is installed, while Tomcat requires version [1.2.34]
2023-03-07T11:21:35.666+02:00  INFO 23432 --- [restartedMain] o.s.b.w.embedded.tomcat.TomcatWebServer  : Tomcat initialized with port(s): 8080 (http)
2023-03-07T11:21:35.673+02:00  INFO 23432 --- [restartedMain] o.apache.catalina.core.StandardService   : Starting service [Tomcat]
2023-03-07T11:21:35.673+02:00  INFO 23432 --- [restartedMain] o.apache.catalina.core.StandardEngine    : Starting Servlet engine: [Apache Tomcat/10.1.5]
2023-03-07T11:21:35.709+02:00  INFO 23432 --- [restartedMain] o.a.c.c.C.[Tomcat].[localhost].[/]       : Initializing Spring embedded WebApplicationContext
2023-03-07T11:21:35.709+02:00  INFO 23432 --- [restartedMain] w.s.c.ServletWebServerApplicationContext : Root WebApplicationContext: initialization completed in 932 ms
2023-03-07T11:21:35.835+02:00  INFO 23432 --- [restartedMain] o.s.b.d.a.OptionalLiveReloadServer       : LiveReload server is running on port 35729
2023-03-07T11:21:36.331+02:00  INFO 23432 --- [restartedMain] o.s.b.w.embedded.tomcat.TomcatWebServer  : Tomcat started on port(s): 8080 (http) with context path ''
2023-03-07T11:21:36.442+02:00  INFO 23432 --- [restartedMain] b.bitmexspring.BitmexSpringApplication   : Started BitmexSpringApplication in 2.065 seconds (process running for 2.516)
2023-03-07T11:21:46.097+02:00  INFO 23432 --- [http-nio-8080-exec-1] o.a.c.c.C.[Tomcat].[localhost].[/]       : Initializing Spring DispatcherServlet 'dispatcherServlet'
2023-03-07T11:21:46.098+02:00  INFO 23432 --- [http-nio-8080-exec-1] o.s.web.servlet.DispatcherServlet        : Initializing Servlet 'dispatcherServlet'
2023-03-07T11:21:46.099+02:00  INFO 23432 --- [http-nio-8080-exec-1] o.s.web.servlet.DispatcherServlet        : Completed initialization in 1 ms
2023-03-07T11:33:11.412+02:00  INFO 24947 --- [restartedMain] b.bitmexspring.BitmexSpringApplication   : Starting BitmexSpringApplication using Java 18.0.2-ea with PID 24947 (/home/normat/IdeaProjects/BitmexSpring/target/classes started by normat in /home/normat/IdeaProjects/BitmexSpring)
2023-03-07T11:33:11.413+02:00  INFO 24947 --- [restartedMain] b.bitmexspring.BitmexSpringApplication   : No active profile set, falling back to 1 default profile: "default"
2023-03-07T11:33:11.452+02:00  INFO 24947 --- [restartedMain] .e.DevToolsPropertyDefaultsPostProcessor : Devtools property defaults active! Set 'spring.devtools.add-properties' to 'false' to disable
2023-03-07T11:33:11.452+02:00  INFO 24947 --- [restartedMain] .e.DevToolsPropertyDefaultsPostProcessor : For additional web related logging consider setting the 'logging.level.web' property to 'DEBUG'
2023-03-07T11:33:11.931+02:00  INFO 24947 --- [restartedMain] o.s.cloud.context.scope.GenericScope     : BeanFactory id=e2d78ef5-6825-305f-a5cd-e0a8d23dbe8a
2023-03-07T11:33:12.005+02:00 ERROR 24947 --- [restartedMain] o.a.catalina.core.AprLifecycleListener   : An incompatible version [1.2.31] of the Apache Tomcat Native library is installed, while Tomcat requires version [1.2.34]
2023-03-07T11:33:12.328+02:00  INFO 24947 --- [restartedMain] o.s.b.w.embedded.tomcat.TomcatWebServer  : Tomcat initialized with port(s): 8080 (http)
2023-03-07T11:33:12.335+02:00  INFO 24947 --- [restartedMain] o.apache.catalina.core.StandardService   : Starting service [Tomcat]
2023-03-07T11:33:12.335+02:00  INFO 24947 --- [restartedMain] o.apache.catalina.core.StandardEngine    : Starting Servlet engine: [Apache Tomcat/10.1.5]
2023-03-07T11:33:12.371+02:00  INFO 24947 --- [restartedMain] o.a.c.c.C.[Tomcat].[localhost].[/]       : Initializing Spring embedded WebApplicationContext
2023-03-07T11:33:12.371+02:00  INFO 24947 --- [restartedMain] w.s.c.ServletWebServerApplicationContext : Root WebApplicationContext: initialization completed in 919 ms
2023-03-07T11:33:12.487+02:00  INFO 24947 --- [restartedMain] o.s.b.d.a.OptionalLiveReloadServer       : LiveReload server is running on port 35729
2023-03-07T11:33:12.961+02:00  INFO 24947 --- [restartedMain] o.s.b.w.embedded.tomcat.TomcatWebServer  : Tomcat started on port(s): 8080 (http) with context path ''
2023-03-07T11:33:13.071+02:00  INFO 24947 --- [restartedMain] b.bitmexspring.BitmexSpringApplication   : Started BitmexSpringApplication in 2.001 seconds (process running for 2.403)
2023-03-07T11:33:19.464+02:00  INFO 24947 --- [http-nio-8080-exec-1] o.a.c.c.C.[Tomcat].[localhost].[/]       : Initializing Spring DispatcherServlet 'dispatcherServlet'
2023-03-07T11:33:19.465+02:00  INFO 24947 --- [http-nio-8080-exec-1] o.s.web.servlet.DispatcherServlet        : Initializing Servlet 'dispatcherServlet'
2023-03-07T11:33:19.466+02:00  INFO 24947 --- [http-nio-8080-exec-1] o.s.web.servlet.DispatcherServlet        : Completed initialization in 1 ms
2023-03-07T11:34:47.418+02:00  INFO 25292 --- [restartedMain] b.bitmexspring.BitmexSpringApplication   : Starting BitmexSpringApplication using Java 18.0.2-ea with PID 25292 (/home/normat/IdeaProjects/BitmexSpring/target/classes started by normat in /home/normat/IdeaProjects/BitmexSpring)
2023-03-07T11:34:47.420+02:00  INFO 25292 --- [restartedMain] b.bitmexspring.BitmexSpringApplication   : No active profile set, falling back to 1 default profile: "default"
2023-03-07T11:34:47.452+02:00  INFO 25292 --- [restartedMain] .e.DevToolsPropertyDefaultsPostProcessor : Devtools property defaults active! Set 'spring.devtools.add-properties' to 'false' to disable
2023-03-07T11:34:47.452+02:00  INFO 25292 --- [restartedMain] .e.DevToolsPropertyDefaultsPostProcessor : For additional web related logging consider setting the 'logging.level.web' property to 'DEBUG'
2023-03-07T11:34:47.958+02:00  INFO 25292 --- [restartedMain] o.s.cloud.context.scope.GenericScope     : BeanFactory id=e2d78ef5-6825-305f-a5cd-e0a8d23dbe8a
2023-03-07T11:34:48.026+02:00 ERROR 25292 --- [restartedMain] o.a.catalina.core.AprLifecycleListener   : An incompatible version [1.2.31] of the Apache Tomcat Native library is installed, while Tomcat requires version [1.2.34]
2023-03-07T11:34:48.361+02:00  INFO 25292 --- [restartedMain] o.s.b.w.embedded.tomcat.TomcatWebServer  : Tomcat initialized with port(s): 8080 (http)
2023-03-07T11:34:48.368+02:00  INFO 25292 --- [restartedMain] o.apache.catalina.core.StandardService   : Starting service [Tomcat]
2023-03-07T11:34:48.369+02:00  INFO 25292 --- [restartedMain] o.apache.catalina.core.StandardEngine    : Starting Servlet engine: [Apache Tomcat/10.1.5]
2023-03-07T11:34:48.405+02:00  INFO 25292 --- [restartedMain] o.a.c.c.C.[Tomcat].[localhost].[/]       : Initializing Spring embedded WebApplicationContext
2023-03-07T11:34:48.405+02:00  INFO 25292 --- [restartedMain] w.s.c.ServletWebServerApplicationContext : Root WebApplicationContext: initialization completed in 953 ms
2023-03-07T11:34:48.536+02:00  INFO 25292 --- [restartedMain] o.s.b.d.a.OptionalLiveReloadServer       : LiveReload server is running on port 35729
2023-03-07T11:34:49.035+02:00  INFO 25292 --- [restartedMain] o.s.b.w.embedded.tomcat.TomcatWebServer  : Tomcat started on port(s): 8080 (http) with context path ''
2023-03-07T11:34:49.162+02:00  INFO 25292 --- [restartedMain] b.bitmexspring.BitmexSpringApplication   : Started BitmexSpringApplication in 2.115 seconds (process running for 2.552)
2023-03-07T11:34:55.346+02:00  INFO 25292 --- [http-nio-8080-exec-1] o.a.c.c.C.[Tomcat].[localhost].[/]       : Initializing Spring DispatcherServlet 'dispatcherServlet'
2023-03-07T11:34:55.347+02:00  INFO 25292 --- [http-nio-8080-exec-1] o.s.web.servlet.DispatcherServlet        : Initializing Servlet 'dispatcherServlet'
2023-03-07T11:34:55.348+02:00  INFO 25292 --- [http-nio-8080-exec-1] o.s.web.servlet.DispatcherServlet        : Completed initialization in 1 ms
2023-03-07T11:36:23.585+02:00  INFO 25708 --- [restartedMain] b.bitmexspring.BitmexSpringApplication   : Starting BitmexSpringApplication using Java 18.0.2-ea with PID 25708 (/home/normat/IdeaProjects/BitmexSpring/target/classes started by normat in /home/normat/IdeaProjects/BitmexSpring)
2023-03-07T11:36:23.587+02:00  INFO 25708 --- [restartedMain] b.bitmexspring.BitmexSpringApplication   : No active profile set, falling back to 1 default profile: "default"
2023-03-07T11:36:23.621+02:00  INFO 25708 --- [restartedMain] .e.DevToolsPropertyDefaultsPostProcessor : Devtools property defaults active! Set 'spring.devtools.add-properties' to 'false' to disable
2023-03-07T11:36:23.621+02:00  INFO 25708 --- [restartedMain] .e.DevToolsPropertyDefaultsPostProcessor : For additional web related logging consider setting the 'logging.level.web' property to 'DEBUG'
2023-03-07T11:36:24.154+02:00  INFO 25708 --- [restartedMain] o.s.cloud.context.scope.GenericScope     : BeanFactory id=e2d78ef5-6825-305f-a5cd-e0a8d23dbe8a
2023-03-07T11:36:24.218+02:00 ERROR 25708 --- [restartedMain] o.a.catalina.core.AprLifecycleListener   : An incompatible version [1.2.31] of the Apache Tomcat Native library is installed, while Tomcat requires version [1.2.34]
2023-03-07T11:36:24.580+02:00  INFO 25708 --- [restartedMain] o.s.b.w.embedded.tomcat.TomcatWebServer  : Tomcat initialized with port(s): 8080 (http)
2023-03-07T11:36:24.587+02:00  INFO 25708 --- [restartedMain] o.apache.catalina.core.StandardService   : Starting service [Tomcat]
2023-03-07T11:36:24.587+02:00  INFO 25708 --- [restartedMain] o.apache.catalina.core.StandardEngine    : Starting Servlet engine: [Apache Tomcat/10.1.5]
2023-03-07T11:36:24.624+02:00  INFO 25708 --- [restartedMain] o.a.c.c.C.[Tomcat].[localhost].[/]       : Initializing Spring embedded WebApplicationContext
2023-03-07T11:36:24.625+02:00  INFO 25708 --- [restartedMain] w.s.c.ServletWebServerApplicationContext : Root WebApplicationContext: initialization completed in 1004 ms
2023-03-07T11:36:24.746+02:00  INFO 25708 --- [restartedMain] o.s.b.d.a.OptionalLiveReloadServer       : LiveReload server is running on port 35729
2023-03-07T11:36:25.251+02:00  INFO 25708 --- [restartedMain] o.s.b.w.embedded.tomcat.TomcatWebServer  : Tomcat started on port(s): 8080 (http) with context path ''
2023-03-07T11:36:25.377+02:00  INFO 25708 --- [restartedMain] b.bitmexspring.BitmexSpringApplication   : Started BitmexSpringApplication in 2.183 seconds (process running for 2.582)
2023-03-07T11:38:21.337+02:00  INFO 26017 --- [restartedMain] b.bitmexspring.BitmexSpringApplication   : Starting BitmexSpringApplication using Java 18.0.2-ea with PID 26017 (/home/normat/IdeaProjects/BitmexSpring/target/classes started by normat in /home/normat/IdeaProjects/BitmexSpring)
2023-03-07T11:38:21.339+02:00  INFO 26017 --- [restartedMain] b.bitmexspring.BitmexSpringApplication   : No active profile set, falling back to 1 default profile: "default"
2023-03-07T11:38:21.370+02:00  INFO 26017 --- [restartedMain] .e.DevToolsPropertyDefaultsPostProcessor : Devtools property defaults active! Set 'spring.devtools.add-properties' to 'false' to disable
2023-03-07T11:38:21.370+02:00  INFO 26017 --- [restartedMain] .e.DevToolsPropertyDefaultsPostProcessor : For additional web related logging consider setting the 'logging.level.web' property to 'DEBUG'
2023-03-07T11:38:21.846+02:00  INFO 26017 --- [restartedMain] o.s.cloud.context.scope.GenericScope     : BeanFactory id=e2d78ef5-6825-305f-a5cd-e0a8d23dbe8a
2023-03-07T11:38:21.910+02:00 ERROR 26017 --- [restartedMain] o.a.catalina.core.AprLifecycleListener   : An incompatible version [1.2.31] of the Apache Tomcat Native library is installed, while Tomcat requires version [1.2.34]
2023-03-07T11:38:22.230+02:00  INFO 26017 --- [restartedMain] o.s.b.w.embedded.tomcat.TomcatWebServer  : Tomcat initialized with port(s): 8080 (http)
2023-03-07T11:38:22.237+02:00  INFO 26017 --- [restartedMain] o.apache.catalina.core.StandardService   : Starting service [Tomcat]
2023-03-07T11:38:22.237+02:00  INFO 26017 --- [restartedMain] o.apache.catalina.core.StandardEngine    : Starting Servlet engine: [Apache Tomcat/10.1.5]
2023-03-07T11:38:22.274+02:00  INFO 26017 --- [restartedMain] o.a.c.c.C.[Tomcat].[localhost].[/]       : Initializing Spring embedded WebApplicationContext
2023-03-07T11:38:22.274+02:00  INFO 26017 --- [restartedMain] w.s.c.ServletWebServerApplicationContext : Root WebApplicationContext: initialization completed in 903 ms
2023-03-07T11:38:22.389+02:00  INFO 26017 --- [restartedMain] o.s.b.d.a.OptionalLiveReloadServer       : LiveReload server is running on port 35729
2023-03-07T11:38:22.903+02:00  INFO 26017 --- [restartedMain] o.s.b.w.embedded.tomcat.TomcatWebServer  : Tomcat started on port(s): 8080 (http) with context path ''
2023-03-07T11:38:23.077+02:00  INFO 26017 --- [restartedMain] b.bitmexspring.BitmexSpringApplication   : Started BitmexSpringApplication in 2.117 seconds (process running for 2.516)
2023-03-07T11:38:27.675+02:00  INFO 26017 --- [http-nio-8080-exec-1] o.a.c.c.C.[Tomcat].[localhost].[/]       : Initializing Spring DispatcherServlet 'dispatcherServlet'
2023-03-07T11:38:27.675+02:00  INFO 26017 --- [http-nio-8080-exec-1] o.s.web.servlet.DispatcherServlet        : Initializing Servlet 'dispatcherServlet'
2023-03-07T11:38:27.677+02:00  INFO 26017 --- [http-nio-8080-exec-1] o.s.web.servlet.DispatcherServlet        : Completed initialization in 1 ms
2023-03-07T11:40:58.716+02:00  INFO 26445 --- [restartedMain] b.bitmexspring.BitmexSpringApplication   : Starting BitmexSpringApplication using Java 18.0.2-ea with PID 26445 (/home/normat/IdeaProjects/BitmexSpring/target/classes started by normat in /home/normat/IdeaProjects/BitmexSpring)
2023-03-07T11:40:58.717+02:00  INFO 26445 --- [restartedMain] b.bitmexspring.BitmexSpringApplication   : No active profile set, falling back to 1 default profile: "default"
2023-03-07T11:40:58.749+02:00  INFO 26445 --- [restartedMain] .e.DevToolsPropertyDefaultsPostProcessor : Devtools property defaults active! Set 'spring.devtools.add-properties' to 'false' to disable
2023-03-07T11:40:58.750+02:00  INFO 26445 --- [restartedMain] .e.DevToolsPropertyDefaultsPostProcessor : For additional web related logging consider setting the 'logging.level.web' property to 'DEBUG'
2023-03-07T11:40:59.276+02:00  INFO 26445 --- [restartedMain] o.s.cloud.context.scope.GenericScope     : BeanFactory id=e2d78ef5-6825-305f-a5cd-e0a8d23dbe8a
2023-03-07T11:40:59.351+02:00 ERROR 26445 --- [restartedMain] o.a.catalina.core.AprLifecycleListener   : An incompatible version [1.2.31] of the Apache Tomcat Native library is installed, while Tomcat requires version [1.2.34]
2023-03-07T11:40:59.686+02:00  INFO 26445 --- [restartedMain] o.s.b.w.embedded.tomcat.TomcatWebServer  : Tomcat initialized with port(s): 8080 (http)
2023-03-07T11:40:59.692+02:00  INFO 26445 --- [restartedMain] o.apache.catalina.core.StandardService   : Starting service [Tomcat]
2023-03-07T11:40:59.693+02:00  INFO 26445 --- [restartedMain] o.apache.catalina.core.StandardEngine    : Starting Servlet engine: [Apache Tomcat/10.1.5]
2023-03-07T11:40:59.729+02:00  INFO 26445 --- [restartedMain] o.a.c.c.C.[Tomcat].[localhost].[/]       : Initializing Spring embedded WebApplicationContext
2023-03-07T11:40:59.730+02:00  INFO 26445 --- [restartedMain] w.s.c.ServletWebServerApplicationContext : Root WebApplicationContext: initialization completed in 980 ms
2023-03-07T11:40:59.841+02:00  INFO 26445 --- [restartedMain] o.s.b.d.a.OptionalLiveReloadServer       : LiveReload server is running on port 35729
2023-03-07T11:41:00.327+02:00  INFO 26445 --- [restartedMain] o.s.b.w.embedded.tomcat.TomcatWebServer  : Tomcat started on port(s): 8080 (http) with context path ''
2023-03-07T11:41:00.461+02:00  INFO 26445 --- [restartedMain] b.bitmexspring.BitmexSpringApplication   : Started BitmexSpringApplication in 2.114 seconds (process running for 2.517)
2023-03-07T11:41:04.261+02:00  INFO 26445 --- [http-nio-8080-exec-1] o.a.c.c.C.[Tomcat].[localhost].[/]       : Initializing Spring DispatcherServlet 'dispatcherServlet'
2023-03-07T11:41:04.261+02:00  INFO 26445 --- [http-nio-8080-exec-1] o.s.web.servlet.DispatcherServlet        : Initializing Servlet 'dispatcherServlet'
2023-03-07T11:41:04.263+02:00  INFO 26445 --- [http-nio-8080-exec-1] o.s.web.servlet.DispatcherServlet        : Completed initialization in 1 ms
2023-03-07T11:43:59.344+02:00  INFO 26987 --- [restartedMain] b.bitmexspring.BitmexSpringApplication   : Starting BitmexSpringApplication using Java 18.0.2-ea with PID 26987 (/home/normat/IdeaProjects/BitmexSpring/target/classes started by normat in /home/normat/IdeaProjects/BitmexSpring)
2023-03-07T11:43:59.345+02:00  INFO 26987 --- [restartedMain] b.bitmexspring.BitmexSpringApplication   : No active profile set, falling back to 1 default profile: "default"
2023-03-07T11:43:59.377+02:00  INFO 26987 --- [restartedMain] .e.DevToolsPropertyDefaultsPostProcessor : Devtools property defaults active! Set 'spring.devtools.add-properties' to 'false' to disable
2023-03-07T11:43:59.378+02:00  INFO 26987 --- [restartedMain] .e.DevToolsPropertyDefaultsPostProcessor : For additional web related logging consider setting the 'logging.level.web' property to 'DEBUG'
2023-03-07T11:43:59.891+02:00  INFO 26987 --- [restartedMain] o.s.cloud.context.scope.GenericScope     : BeanFactory id=e2d78ef5-6825-305f-a5cd-e0a8d23dbe8a
2023-03-07T11:43:59.954+02:00 ERROR 26987 --- [restartedMain] o.a.catalina.core.AprLifecycleListener   : An incompatible version [1.2.31] of the Apache Tomcat Native library is installed, while Tomcat requires version [1.2.34]
2023-03-07T11:44:00.280+02:00  INFO 26987 --- [restartedMain] o.s.b.w.embedded.tomcat.TomcatWebServer  : Tomcat initialized with port(s): 8080 (http)
2023-03-07T11:44:00.287+02:00  INFO 26987 --- [restartedMain] o.apache.catalina.core.StandardService   : Starting service [Tomcat]
2023-03-07T11:44:00.287+02:00  INFO 26987 --- [restartedMain] o.apache.catalina.core.StandardEngine    : Starting Servlet engine: [Apache Tomcat/10.1.5]
2023-03-07T11:44:00.326+02:00  INFO 26987 --- [restartedMain] o.a.c.c.C.[Tomcat].[localhost].[/]       : Initializing Spring embedded WebApplicationContext
2023-03-07T11:44:00.326+02:00  INFO 26987 --- [restartedMain] w.s.c.ServletWebServerApplicationContext : Root WebApplicationContext: initialization completed in 948 ms
2023-03-07T11:44:00.440+02:00  INFO 26987 --- [restartedMain] o.s.b.d.a.OptionalLiveReloadServer       : LiveReload server is running on port 35729
2023-03-07T11:44:00.946+02:00  INFO 26987 --- [restartedMain] o.s.b.w.embedded.tomcat.TomcatWebServer  : Tomcat started on port(s): 8080 (http) with context path ''
2023-03-07T11:44:01.061+02:00  INFO 26987 --- [restartedMain] b.bitmexspring.BitmexSpringApplication   : Started BitmexSpringApplication in 2.093 seconds (process running for 2.508)
2023-03-07T11:44:05.824+02:00  INFO 26987 --- [http-nio-8080-exec-1] o.a.c.c.C.[Tomcat].[localhost].[/]       : Initializing Spring DispatcherServlet 'dispatcherServlet'
2023-03-07T11:44:05.824+02:00  INFO 26987 --- [http-nio-8080-exec-1] o.s.web.servlet.DispatcherServlet        : Initializing Servlet 'dispatcherServlet'
2023-03-07T11:44:05.826+02:00  INFO 26987 --- [http-nio-8080-exec-1] o.s.web.servlet.DispatcherServlet        : Completed initialization in 1 ms
2023-03-07T11:45:55.897+02:00  INFO 27422 --- [restartedMain] b.bitmexspring.BitmexSpringApplication   : Starting BitmexSpringApplication using Java 18.0.2-ea with PID 27422 (/home/normat/IdeaProjects/BitmexSpring/target/classes started by normat in /home/normat/IdeaProjects/BitmexSpring)
2023-03-07T11:45:55.899+02:00  INFO 27422 --- [restartedMain] b.bitmexspring.BitmexSpringApplication   : No active profile set, falling back to 1 default profile: "default"
2023-03-07T11:45:55.935+02:00  INFO 27422 --- [restartedMain] .e.DevToolsPropertyDefaultsPostProcessor : Devtools property defaults active! Set 'spring.devtools.add-properties' to 'false' to disable
2023-03-07T11:45:55.935+02:00  INFO 27422 --- [restartedMain] .e.DevToolsPropertyDefaultsPostProcessor : For additional web related logging consider setting the 'logging.level.web' property to 'DEBUG'
2023-03-07T11:45:56.472+02:00  INFO 27422 --- [restartedMain] o.s.cloud.context.scope.GenericScope     : BeanFactory id=e2d78ef5-6825-305f-a5cd-e0a8d23dbe8a
2023-03-07T11:45:56.534+02:00 ERROR 27422 --- [restartedMain] o.a.catalina.core.AprLifecycleListener   : An incompatible version [1.2.31] of the Apache Tomcat Native library is installed, while Tomcat requires version [1.2.34]
2023-03-07T11:45:56.860+02:00  INFO 27422 --- [restartedMain] o.s.b.w.embedded.tomcat.TomcatWebServer  : Tomcat initialized with port(s): 8080 (http)
2023-03-07T11:45:56.866+02:00  INFO 27422 --- [restartedMain] o.apache.catalina.core.StandardService   : Starting service [Tomcat]
2023-03-07T11:45:56.867+02:00  INFO 27422 --- [restartedMain] o.apache.catalina.core.StandardEngine    : Starting Servlet engine: [Apache Tomcat/10.1.5]
2023-03-07T11:45:56.903+02:00  INFO 27422 --- [restartedMain] o.a.c.c.C.[Tomcat].[localhost].[/]       : Initializing Spring embedded WebApplicationContext
2023-03-07T11:45:56.903+02:00  INFO 27422 --- [restartedMain] w.s.c.ServletWebServerApplicationContext : Root WebApplicationContext: initialization completed in 968 ms
2023-03-07T11:45:57.017+02:00  INFO 27422 --- [restartedMain] o.s.b.d.a.OptionalLiveReloadServer       : LiveReload server is running on port 35729
2023-03-07T11:45:57.517+02:00  INFO 27422 --- [restartedMain] o.s.b.w.embedded.tomcat.TomcatWebServer  : Tomcat started on port(s): 8080 (http) with context path ''
2023-03-07T11:45:57.641+02:00  INFO 27422 --- [restartedMain] b.bitmexspring.BitmexSpringApplication   : Started BitmexSpringApplication in 2.132 seconds (process running for 2.543)
2023-03-07T11:46:01.737+02:00  INFO 27422 --- [http-nio-8080-exec-1] o.a.c.c.C.[Tomcat].[localhost].[/]       : Initializing Spring DispatcherServlet 'dispatcherServlet'
2023-03-07T11:46:01.738+02:00  INFO 27422 --- [http-nio-8080-exec-1] o.s.web.servlet.DispatcherServlet        : Initializing Servlet 'dispatcherServlet'
2023-03-07T11:46:01.740+02:00  INFO 27422 --- [http-nio-8080-exec-1] o.s.web.servlet.DispatcherServlet        : Completed initialization in 1 ms
2023-03-07T11:47:33.147+02:00  INFO 27806 --- [restartedMain] b.bitmexspring.BitmexSpringApplication   : Starting BitmexSpringApplication using Java 18.0.2-ea with PID 27806 (/home/normat/IdeaProjects/BitmexSpring/target/classes started by normat in /home/normat/IdeaProjects/BitmexSpring)
2023-03-07T11:47:33.148+02:00  INFO 27806 --- [restartedMain] b.bitmexspring.BitmexSpringApplication   : No active profile set, falling back to 1 default profile: "default"
2023-03-07T11:47:33.180+02:00  INFO 27806 --- [restartedMain] .e.DevToolsPropertyDefaultsPostProcessor : Devtools property defaults active! Set 'spring.devtools.add-properties' to 'false' to disable
2023-03-07T11:47:33.180+02:00  INFO 27806 --- [restartedMain] .e.DevToolsPropertyDefaultsPostProcessor : For additional web related logging consider setting the 'logging.level.web' property to 'DEBUG'
2023-03-07T11:47:33.740+02:00  INFO 27806 --- [restartedMain] o.s.cloud.context.scope.GenericScope     : BeanFactory id=e2d78ef5-6825-305f-a5cd-e0a8d23dbe8a
2023-03-07T11:47:33.803+02:00 ERROR 27806 --- [restartedMain] o.a.catalina.core.AprLifecycleListener   : An incompatible version [1.2.31] of the Apache Tomcat Native library is installed, while Tomcat requires version [1.2.34]
2023-03-07T11:47:34.124+02:00  INFO 27806 --- [restartedMain] o.s.b.w.embedded.tomcat.TomcatWebServer  : Tomcat initialized with port(s): 8080 (http)
2023-03-07T11:47:34.131+02:00  INFO 27806 --- [restartedMain] o.apache.catalina.core.StandardService   : Starting service [Tomcat]
2023-03-07T11:47:34.131+02:00  INFO 27806 --- [restartedMain] o.apache.catalina.core.StandardEngine    : Starting Servlet engine: [Apache Tomcat/10.1.5]
2023-03-07T11:47:34.168+02:00  INFO 27806 --- [restartedMain] o.a.c.c.C.[Tomcat].[localhost].[/]       : Initializing Spring embedded WebApplicationContext
2023-03-07T11:47:34.168+02:00  INFO 27806 --- [restartedMain] w.s.c.ServletWebServerApplicationContext : Root WebApplicationContext: initialization completed in 988 ms
2023-03-07T11:47:34.285+02:00  INFO 27806 --- [restartedMain] o.s.b.d.a.OptionalLiveReloadServer       : LiveReload server is running on port 35729
2023-03-07T11:47:34.812+02:00  INFO 27806 --- [restartedMain] o.s.b.w.embedded.tomcat.TomcatWebServer  : Tomcat started on port(s): 8080 (http) with context path ''
2023-03-07T11:47:34.912+02:00  INFO 27806 --- [restartedMain] b.bitmexspring.BitmexSpringApplication   : Started BitmexSpringApplication in 2.158 seconds (process running for 2.572)
2023-03-07T11:47:39.912+02:00  INFO 27806 --- [http-nio-8080-exec-1] o.a.c.c.C.[Tomcat].[localhost].[/]       : Initializing Spring DispatcherServlet 'dispatcherServlet'
2023-03-07T11:47:39.913+02:00  INFO 27806 --- [http-nio-8080-exec-1] o.s.web.servlet.DispatcherServlet        : Initializing Servlet 'dispatcherServlet'
2023-03-07T11:47:39.914+02:00  INFO 27806 --- [http-nio-8080-exec-1] o.s.web.servlet.DispatcherServlet        : Completed initialization in 1 ms
